mode: set
gonetwork/simulation/main.go:29.31,31.16 2 0
gonetwork/simulation/main.go:31.16,33.3 1 0
gonetwork/simulation/main.go:34.2,34.12 1 0
gonetwork/simulation/main.go:37.38,39.2 1 0
gonetwork/simulation/main.go:41.41,44.2 2 0
gonetwork/simulation/main.go:48.31,51.12 3 0
gonetwork/simulation/main.go:51.12,53.3 1 0
gonetwork/simulation/main.go:54.2,56.13 3 0
gonetwork/simulation/main.go:56.13,58.14 2 0
gonetwork/simulation/main.go:58.14,60.4 1 0
gonetwork/simulation/main.go:62.2,62.30 1 0
gonetwork/simulation/main.go:62.30,64.14 2 0
gonetwork/simulation/main.go:64.14,66.4 1 0
gonetwork/simulation/main.go:68.2,68.19 1 0
gonetwork/simulation/main.go:72.46,74.41 2 0
gonetwork/simulation/main.go:74.41,75.45 1 0
gonetwork/simulation/main.go:75.45,77.4 1 0
gonetwork/simulation/main.go:79.2,79.14 1 0
gonetwork/simulation/main.go:86.13,113.92 19 0
gonetwork/simulation/main.go:113.92,115.17 2 0
gonetwork/simulation/main.go:115.17,117.4 1 0
gonetwork/simulation/main.go:118.3,118.31 1 0
gonetwork/simulation/main.go:121.2,148.16 12 0
gonetwork/simulation/main.go:148.16,150.3 1 0
gonetwork/simulation/main.go:151.2,171.27 9 0
gonetwork/simulation/main.go:171.27,173.17 2 0
gonetwork/simulation/main.go:173.17,175.4 1 0
gonetwork/simulation/main.go:176.3,178.38 2 0
gonetwork/simulation/main.go:180.2,184.16 3 0
gonetwork/simulation/main.go:184.16,186.3 1 0
gonetwork/simulation/main.go:187.2,188.16 2 0
gonetwork/simulation/main.go:188.16,190.3 1 0
gonetwork/simulation/main.go:191.2,192.16 2 0
gonetwork/simulation/main.go:192.16,194.3 1 0
gonetwork/simulation/main.go:196.2,229.24 13 0
gonetwork/simulation/main.go:229.24,239.3 7 0
gonetwork/simulation/main.go:239.8,242.3 2 0
gonetwork/simulation/main.go:245.2,246.53 2 0
gonetwork/simulation/main.go:246.53,250.49 3 0
gonetwork/simulation/main.go:250.49,252.4 1 0
gonetwork/simulation/main.go:253.3,257.8 5 0
gonetwork/simulation/main.go:259.2,259.14 1 0
gonetwork/simulation/main.go:259.14,262.3 2 0
gonetwork/simulation/main.go:265.2,266.96 2 0
gonetwork/simulation/main.go:266.96,269.3 2 0
gonetwork/simulation/main.go:269.8,273.3 2 0
gonetwork/simulation/main.go:274.2,282.31 6 0
gonetwork/simulation/main.go:282.31,284.3 1 0
gonetwork/simulation/main.go:286.2,295.37 8 0
gonetwork/assets.go:109.50,111.2 1 1
gonetwork/assets.go:123.19,124.22 1 1
gonetwork/assets.go:124.22,126.3 1 1
gonetwork/assets.go:127.2,127.22 1 1
gonetwork/assets.go:127.22,129.3 1 1
gonetwork/assets.go:130.2,130.20 1 1
gonetwork/assets.go:130.20,132.3 1 1
gonetwork/assets.go:134.2,154.16 6 1
gonetwork/assets.go:154.16,156.3 1 0
gonetwork/assets.go:157.2,160.15 3 1
gonetwork/assets.go:165.69,169.16 4 1
gonetwork/assets.go:169.16,171.3 1 0
gonetwork/assets.go:172.2,174.42 3 1
gonetwork/assets.go:179.40,183.2 3 1
gonetwork/assets.go:193.30,194.22 1 1
gonetwork/assets.go:194.22,196.3 1 1
gonetwork/assets.go:197.2,197.27 1 1
gonetwork/assets.go:197.27,199.3 1 1
gonetwork/assets.go:200.2,200.19 1 1
gonetwork/assets.go:200.19,202.3 1 0
gonetwork/assets.go:203.2,203.19 1 1
gonetwork/assets.go:203.19,205.3 1 1
gonetwork/assets.go:207.2,215.54 3 1
gonetwork/assets.go:215.54,217.3 1 0
gonetwork/assets.go:219.2,223.8 1 1
gonetwork/assets.go:244.9,247.9 2 1
gonetwork/assets.go:247.9,249.3 1 1
gonetwork/assets.go:253.2,253.23 1 1
gonetwork/assets.go:253.23,255.3 1 0
gonetwork/assets.go:258.2,258.24 1 1
gonetwork/assets.go:258.24,260.3 1 0
gonetwork/assets.go:261.2,261.26 1 1
gonetwork/assets.go:261.26,263.3 1 0
gonetwork/assets.go:267.2,268.16 2 1
gonetwork/assets.go:268.16,270.3 1 0
gonetwork/assets.go:271.2,271.79 1 1
gonetwork/assets.go:271.79,273.3 1 1
gonetwork/assets.go:275.2,275.19 1 1
gonetwork/assets.go:276.24,278.35 1 1
gonetwork/assets.go:278.35,281.4 1 1
gonetwork/assets.go:283.46,288.13 4 1
gonetwork/assets.go:288.13,290.4 1 1
gonetwork/assets.go:291.3,291.48 1 1
gonetwork/assets.go:291.48,294.4 1 1
gonetwork/assets.go:297.3,297.73 1 1
gonetwork/assets.go:297.73,300.4 1 1
gonetwork/assets.go:302.10,303.69 1 0
gonetwork/assets.go:307.2,307.75 1 1
gonetwork/assets.go:307.75,309.73 2 1
gonetwork/assets.go:309.73,313.30 3 1
gonetwork/assets.go:313.30,314.39 1 1
gonetwork/assets.go:314.39,316.6 1 1
gonetwork/assets.go:318.4,318.52 1 1
gonetwork/assets.go:318.52,321.5 1 1
gonetwork/assets.go:327.2,327.24 1 1
gonetwork/assets.go:327.24,328.86 1 1
gonetwork/assets.go:328.86,330.4 1 1
gonetwork/assets.go:333.2,333.12 1 1
gonetwork/assets.go:346.9,348.93 1 1
gonetwork/assets.go:348.93,350.3 1 1
gonetwork/assets.go:352.2,355.39 2 1
gonetwork/assets.go:355.39,356.33 1 1
gonetwork/assets.go:356.33,359.4 1 1
gonetwork/assets.go:360.3,360.27 1 1
gonetwork/assets.go:360.27,363.4 1 1
gonetwork/assets.go:367.2,367.30 1 1
gonetwork/assets.go:367.30,368.67 1 1
gonetwork/assets.go:368.67,369.36 1 1
gonetwork/assets.go:369.36,372.5 1 1
gonetwork/assets.go:376.2,376.12 1 1
gonetwork/assets.go:393.9,395.9 2 1
gonetwork/assets.go:395.9,397.3 1 0
gonetwork/assets.go:399.2,403.28 3 1
gonetwork/assets.go:403.28,404.46 1 1
gonetwork/assets.go:404.46,406.4 1 1
gonetwork/assets.go:407.3,407.11 1 1
gonetwork/assets.go:410.2,410.19 1 1
gonetwork/assets.go:411.24,412.49 1 1
gonetwork/assets.go:412.49,414.4 1 0
gonetwork/assets.go:414.9,421.4 1 1
gonetwork/assets.go:422.3,422.42 1 1
gonetwork/assets.go:424.27,426.54 2 1
gonetwork/assets.go:426.54,428.34 1 1
gonetwork/assets.go:428.34,429.16 1 1
gonetwork/assets.go:429.16,431.7 1 0
gonetwork/assets.go:432.6,432.14 1 1
gonetwork/assets.go:435.3,436.33 2 1
gonetwork/assets.go:436.33,438.4 1 1
gonetwork/assets.go:439.3,439.49 1 1
gonetwork/assets.go:439.49,441.4 1 0
gonetwork/assets.go:441.9,448.4 1 1
gonetwork/assets.go:450.25,452.54 2 1
gonetwork/assets.go:452.54,454.34 1 0
gonetwork/assets.go:454.34,455.16 1 0
gonetwork/assets.go:455.16,457.7 1 0
gonetwork/assets.go:458.6,458.14 1 0
gonetwork/assets.go:461.3,462.33 2 1
gonetwork/assets.go:462.33,464.4 1 1
gonetwork/assets.go:465.3,465.42 1 1
gonetwork/assets.go:467.10,468.69 1 0
gonetwork/assets.go:471.2,471.12 1 1
gonetwork/blockchain.go:25.39,27.2 1 1
gonetwork/blockchain.go:29.54,31.2 1 1
gonetwork/blockchain.go:33.71,35.40 1 1
gonetwork/blockchain.go:35.40,37.3 1 1
gonetwork/blockchain.go:39.2,43.35 3 1
gonetwork/blockchain.go:43.35,44.24 1 1
gonetwork/blockchain.go:44.24,45.9 1 0
gonetwork/blockchain.go:47.3,47.50 1 1
gonetwork/blockchain.go:47.50,49.4 1 1
gonetwork/blockchain.go:53.2,53.36 1 1
gonetwork/blockchain.go:57.77,59.19 1 1
gonetwork/blockchain.go:59.19,61.3 1 0
gonetwork/blockchain.go:63.2,63.40 1 1
gonetwork/blockchain.go:63.40,65.3 1 0
gonetwork/blockchain.go:68.2,68.40 1 1
gonetwork/blockchain.go:68.40,70.3 1 0
gonetwork/blockchain.go:73.2,77.35 3 1
gonetwork/blockchain.go:77.35,78.24 1 1
gonetwork/blockchain.go:78.24,79.9 1 0
gonetwork/blockchain.go:81.3,81.50 1 1
gonetwork/blockchain.go:81.50,83.4 1 1
gonetwork/blockchain.go:87.2,87.32 1 1
gonetwork/blockchain.go:87.32,89.3 1 1
gonetwork/blockchain.go:91.2,91.18 1 1
gonetwork/blockchain.go:104.40,108.2 3 1
gonetwork/blockchain.go:151.81,153.24 2 1
gonetwork/blockchain.go:153.24,155.3 1 1
gonetwork/blockchain.go:155.8,157.3 1 0
gonetwork/blockchain.go:159.2,170.23 4 1
gonetwork/blockchain.go:170.23,171.61 1 1
gonetwork/blockchain.go:171.61,173.4 1 0
gonetwork/blockchain.go:178.69,179.23 1 1
gonetwork/blockchain.go:179.23,181.3 1 0
gonetwork/blockchain.go:182.2,185.12 4 1
gonetwork/blockchain.go:189.37,195.2 5 1
gonetwork/blockchain.go:197.55,199.24 1 1
gonetwork/blockchain.go:199.24,201.50 2 1
gonetwork/blockchain.go:201.50,204.4 2 0
gonetwork/blockchain.go:208.2,208.34 1 1
gonetwork/blockchain.go:208.34,211.3 2 1
gonetwork/blockchain.go:214.2,214.40 1 1
gonetwork/blockchain.go:214.40,219.17 3 1
gonetwork/blockchain.go:219.17,222.4 2 0
gonetwork/blockchain.go:224.3,227.40 2 1
gonetwork/blockchain.go:227.40,230.4 2 0
gonetwork/blockchain.go:233.3,233.21 1 1
gonetwork/blockchain.go:233.21,236.4 2 0
gonetwork/blockchain.go:237.3,237.43 1 1
gonetwork/blockchain.go:237.43,240.4 2 0
gonetwork/blockchain.go:243.2,243.51 1 1
gonetwork/blockchain.go:243.51,246.3 2 0
gonetwork/blockchain.go:248.2,250.13 2 1
gonetwork/blockchain.go:253.49,254.25 1 1
gonetwork/blockchain.go:254.25,256.3 1 1
gonetwork/blockchain.go:257.2,257.52 1 1
gonetwork/blockchain.go:266.30,272.2 1 1
gonetwork/blockchain.go:274.55,275.33 1 1
gonetwork/blockchain.go:275.33,277.3 1 1
gonetwork/blockchain.go:278.2,278.50 1 1
gonetwork/blockchain.go:281.64,286.2 3 1
gonetwork/blockchain.go:288.49,289.43 1 0
gonetwork/blockchain.go:289.43,292.67 2 0
gonetwork/blockchain.go:292.67,294.12 2 0
gonetwork/blockchain.go:296.3,296.67 1 0
gonetwork/blockchain.go:300.56,301.34 1 1
gonetwork/blockchain.go:301.34,304.3 2 0
gonetwork/blockchain.go:306.2,311.34 4 1
gonetwork/blockchain.go:311.34,313.39 2 1
gonetwork/blockchain.go:313.39,314.9 1 1
gonetwork/blockchain.go:316.3,317.36 2 1
gonetwork/blockchain.go:317.36,319.4 1 0
gonetwork/blockchain.go:321.3,321.39 1 1
gonetwork/blockchain.go:321.39,322.36 1 1
gonetwork/blockchain.go:322.36,324.69 2 1
gonetwork/blockchain.go:324.69,326.14 2 1
gonetwork/blockchain.go:328.5,328.20 1 1
gonetwork/blockchain.go:334.2,335.47 2 1
gonetwork/blockchain.go:335.47,336.16 1 1
gonetwork/blockchain.go:336.16,338.4 1 1
gonetwork/blockchain.go:341.2,341.83 1 1
gonetwork/blockchain.go:345.61,347.16 2 0
gonetwork/blockchain.go:347.16,349.3 1 0
gonetwork/blockchain.go:350.2,350.43 1 0
gonetwork/blockchain.go:354.59,356.16 2 0
gonetwork/blockchain.go:356.16,358.3 1 0
gonetwork/blockchain.go:359.2,360.50 2 0
gonetwork/blockchain.go:360.50,362.3 1 0
gonetwork/blockchain.go:363.2,363.17 1 0
gonetwork/blockchain.go:366.58,368.37 1 1
gonetwork/blockchain.go:368.37,369.60 1 1
gonetwork/blockchain.go:369.60,372.4 2 0
gonetwork/blockchain.go:376.2,376.36 1 1
gonetwork/blockchain.go:376.36,380.3 3 1
gonetwork/blockchain.go:382.2,383.14 2 0
gonetwork/blockchain.go:387.13,407.34 6 0
gonetwork/blockchain.go:407.34,413.3 5 0
gonetwork/blockchain.go:419.48,421.2 1 0
gonetwork/blockchain.go:423.71,454.31 13 1
gonetwork/blockchain.go:454.31,456.3 1 1
gonetwork/blockchain.go:457.2,457.32 1 1
gonetwork/blockchain.go:457.32,459.3 1 1
gonetwork/blockchain.go:460.2,460.29 1 1
gonetwork/blockchain.go:460.29,462.3 1 1
gonetwork/blockchain.go:464.2,470.16 3 1
gonetwork/blockchain.go:470.16,472.3 1 0
gonetwork/blockchain.go:473.2,475.11 2 1
gonetwork/dBFT.go:29.58,36.48 3 1
gonetwork/dBFT.go:36.48,41.23 3 1
gonetwork/dBFT.go:41.23,43.4 1 1
gonetwork/dBFT.go:47.2,47.26 1 1
gonetwork/dBFT.go:47.26,49.25 2 1
gonetwork/dBFT.go:49.25,53.4 3 1
gonetwork/dBFT.go:57.2,57.40 1 1
gonetwork/dBFT.go:57.40,59.3 1 1
gonetwork/dBFT.go:62.2,62.27 1 1
gonetwork/dBFT.go:62.27,64.3 1 1
gonetwork/dBFT.go:64.8,66.3 1 0
gonetwork/dBFT.go:70.61,73.2 2 1
gonetwork/dBFT.go:76.60,78.2 1 1
gonetwork/dBFT.go:81.56,92.30 4 1
gonetwork/dBFT.go:92.30,95.3 2 1
gonetwork/dBFT.go:98.2,98.54 1 0
gonetwork/dBFT.go:98.54,101.3 2 0
gonetwork/dBFT.go:104.2,104.38 1 0
gonetwork/dBFT.go:111.53,113.2 1 1
gonetwork/dBFT.go:121.56,124.2 1 1
gonetwork/dBFT.go:127.39,128.28 1 1
gonetwork/dBFT.go:128.28,131.3 2 0
gonetwork/dBFT.go:132.2,133.102 2 1
gonetwork/dBFT.go:137.58,142.40 3 1
gonetwork/dBFT.go:142.40,146.11 3 1
gonetwork/dBFT.go:146.11,148.4 1 1
gonetwork/dBFT.go:148.9,150.4 1 1
gonetwork/dBFT.go:153.2,154.36 2 1
gonetwork/dBFT.go:154.36,158.3 3 1
gonetwork/dBFT.go:160.2,161.14 2 1
gonetwork/dBFT.go:164.54,169.16 3 1
gonetwork/dBFT.go:169.16,172.3 2 1
gonetwork/dBFT.go:174.2,177.39 2 1
gonetwork/dBFT.go:177.39,180.3 2 0
gonetwork/dBFT.go:183.2,183.20 1 1
gonetwork/dBFT.go:183.20,186.3 2 0
gonetwork/dBFT.go:187.2,187.42 1 1
gonetwork/dBFT.go:187.42,190.3 2 0
gonetwork/dBFT.go:193.2,193.34 1 1
gonetwork/dBFT.go:193.34,194.52 1 1
gonetwork/dBFT.go:194.52,195.70 1 1
gonetwork/dBFT.go:195.70,198.5 2 0
gonetwork/dBFT.go:203.2,208.23 4 1
gonetwork/dBFT.go:208.23,209.61 1 1
gonetwork/dBFT.go:209.61,211.4 1 0
gonetwork/dBFT.go:216.45,217.59 1 1
gonetwork/dBFT.go:217.59,219.65 1 1
gonetwork/dBFT.go:219.65,221.4 1 1
gonetwork/dBFT.go:222.3,222.67 1 1
gonetwork/dBFT.go:227.46,228.29 1 1
gonetwork/dBFT.go:228.29,230.3 1 1
gonetwork/dBFT.go:232.2,232.13 1 1
gonetwork/dBFT.go:234.50,241.45 3 1
gonetwork/dBFT.go:241.45,242.77 1 0
gonetwork/dBFT.go:242.77,244.12 2 0
gonetwork/dBFT.go:246.3,246.76 1 0
gonetwork/dBFT.go:246.76,248.4 1 0
gonetwork/dBFT.go:252.2,252.50 1 1
gonetwork/dBFT.go:252.50,254.3 1 0
gonetwork/dBFT.go:257.2,257.45 1 1
gonetwork/dBFT.go:257.45,258.24 1 0
gonetwork/dBFT.go:258.24,259.53 1 0
gonetwork/dBFT.go:259.53,260.69 1 0
gonetwork/dBFT.go:260.69,262.6 1 0
gonetwork/dBFT.go:264.4,264.12 1 0
gonetwork/dBFT.go:266.3,266.52 1 0
gonetwork/dBFT.go:266.52,268.4 1 0
gonetwork/dBFT.go:269.3,270.17 2 0
gonetwork/dBFT.go:270.17,272.12 2 0
gonetwork/dBFT.go:274.3,274.85 1 0
gonetwork/dBFT.go:274.85,276.4 1 0
gonetwork/dBFT.go:280.2,280.41 1 1
gonetwork/dBFT.go:280.41,282.10 2 0
gonetwork/dBFT.go:282.10,283.12 1 0
gonetwork/dBFT.go:285.3,286.17 2 0
gonetwork/dBFT.go:286.17,288.12 2 0
gonetwork/dBFT.go:291.3,291.32 1 0
gonetwork/dBFT.go:291.32,318.40 7 0
gonetwork/dBFT.go:318.40,333.78 5 0
gonetwork/dBFT.go:333.78,335.6 1 0
gonetwork/dBFT.go:342.53,343.28 1 1
gonetwork/dBFT.go:343.28,346.3 2 0
gonetwork/dBFT.go:349.2,350.34 2 1
gonetwork/dBFT.go:350.34,352.3 1 1
gonetwork/dBFT.go:355.2,355.37 1 1
gonetwork/dBFT.go:355.37,358.3 2 0
gonetwork/dBFT.go:361.2,369.40 5 1
gonetwork/dBFT.go:369.40,371.3 1 1
gonetwork/dBFT.go:374.2,379.32 2 1
gonetwork/dBFT.go:379.32,383.35 2 1
gonetwork/dBFT.go:383.35,385.4 1 1
gonetwork/dBFT.go:387.3,387.85 1 1
gonetwork/dBFT.go:388.8,390.3 1 0
gonetwork/dBFT.go:393.2,394.20 2 1
gonetwork/dBFT.go:398.55,404.2 1 1
gonetwork/dBFT.go:406.43,410.2 3 1
gonetwork/dBFT.go:412.53,413.12 1 0
gonetwork/dBFT.go:413.12,414.7 1 0
gonetwork/dBFT.go:414.7,416.18 2 0
gonetwork/dBFT.go:416.18,418.5 1 0
gonetwork/dBFT.go:418.10,420.5 1 0
gonetwork/dBFT.go:421.4,421.32 1 0
gonetwork/dBFT.go:426.39,428.60 2 0
gonetwork/dBFT.go:428.60,429.55 1 0
gonetwork/dBFT.go:429.55,431.4 1 0
gonetwork/dBFT.go:431.9,433.4 1 0
gonetwork/dBFT.go:438.59,440.16 2 0
gonetwork/dBFT.go:440.16,443.3 2 0
gonetwork/dBFT.go:445.2,445.74 1 0
gonetwork/dBFT.go:445.74,447.3 1 0
gonetwork/dBFT.go:451.44,452.12 1 0
gonetwork/dBFT.go:452.12,454.3 1 0
gonetwork/dBFT.go:457.34,458.27 1 0
gonetwork/dBFT.go:458.27,459.19 1 0
gonetwork/dBFT.go:460.22,461.75 1 0
gonetwork/dBFT.go:462.13,463.65 1 0
gonetwork/dBFT.go:464.18,465.77 1 0
gonetwork/dBFT.go:466.22,468.10 2 0
gonetwork/dBFT.go:468.10,470.5 1 0
gonetwork/identity.go:108.32,109.21 1 1
gonetwork/identity.go:109.21,111.3 1 1
gonetwork/identity.go:112.2,112.24 1 1
gonetwork/identity.go:112.24,114.3 1 1
gonetwork/identity.go:115.2,115.24 1 1
gonetwork/identity.go:115.24,117.3 1 1
gonetwork/identity.go:118.2,118.23 1 1
gonetwork/identity.go:118.23,120.3 1 1
gonetwork/identity.go:122.2,137.16 5 1
gonetwork/identity.go:137.16,139.3 1 0
gonetwork/identity.go:140.2,143.15 3 1
gonetwork/identity.go:148.78,152.16 4 1
gonetwork/identity.go:152.16,154.3 1 0
gonetwork/identity.go:155.2,157.44 3 1
gonetwork/identity.go:161.47,163.2 1 1
gonetwork/identity.go:168.69,181.2 3 1
gonetwork/identity.go:188.48,190.2 1 1
gonetwork/identity.go:194.53,196.2 1 1
gonetwork/identity.go:213.63,215.16 2 1
gonetwork/identity.go:215.16,217.3 1 0
gonetwork/identity.go:218.2,223.8 2 1
gonetwork/identity.go:232.35,234.16 2 1
gonetwork/identity.go:234.16,236.3 1 0
gonetwork/identity.go:237.2,239.25 3 1
gonetwork/identity.go:244.99,246.9 2 1
gonetwork/identity.go:246.9,248.3 1 1
gonetwork/identity.go:249.2,249.15 1 1
gonetwork/identity.go:253.63,255.2 1 1
gonetwork/keys.go:24.48,27.16 3 1
gonetwork/keys.go:27.16,29.3 1 0
gonetwork/keys.go:30.2,32.8 1 1
gonetwork/keys.go:35.37,37.2 1 1
gonetwork/keys.go:39.50,43.2 1 1
gonetwork/keys.go:53.42,57.2 1 1
gonetwork/keys.go:59.36,61.2 1 1
gonetwork/keys.go:63.36,65.2 1 1
gonetwork/keys.go:67.64,69.2 1 1
gonetwork/keys.go:71.64,73.16 2 1
gonetwork/keys.go:73.16,75.3 1 1
gonetwork/keys.go:76.2,76.35 1 1
gonetwork/keys.go:76.35,78.3 1 1
gonetwork/keys.go:79.2,79.61 1 1
gonetwork/keys.go:81.59,83.19 2 0
gonetwork/keys.go:83.19,85.3 1 0
gonetwork/keys.go:86.2,86.52 1 0
gonetwork/keys.go:89.71,91.16 2 0
gonetwork/keys.go:91.16,93.3 1 0
gonetwork/keys.go:95.2,97.56 3 0
gonetwork/keys.go:97.56,99.3 1 0
gonetwork/keys.go:101.2,104.44 3 0
gonetwork/keys.go:107.80,110.16 3 0
gonetwork/keys.go:110.16,112.3 1 0
gonetwork/keys.go:114.2,120.24 5 0
gonetwork/mock_payment.go:26.52,31.2 1 1
gonetwork/mock_payment.go:35.85,36.20 1 1
gonetwork/mock_payment.go:36.20,38.3 1 1
gonetwork/mock_payment.go:39.2,39.53 1 1
gonetwork/mock_payment.go:39.53,41.3 1 1
gonetwork/mock_payment.go:42.2,46.18 5 1
gonetwork/mock_payment.go:51.89,52.45 1 1
gonetwork/mock_payment.go:52.45,54.3 1 1
gonetwork/mock_payment.go:55.2,55.34 1 1
gonetwork/mock_payment.go:60.103,61.21 1 1
gonetwork/mock_payment.go:61.21,63.3 1 1
gonetwork/mock_payment.go:64.2,64.17 1 1
gonetwork/mock_payment.go:64.17,66.3 1 1
gonetwork/mock_payment.go:67.2,68.12 2 1
gonetwork/mock_payment.go:86.57,88.16 2 1
gonetwork/mock_payment.go:88.16,90.3 1 0
gonetwork/mock_payment.go:91.2,95.8 2 1
gonetwork/mock_payment.go:99.58,101.2 1 1
gonetwork/mock_payment.go:105.107,106.24 1 1
gonetwork/mock_payment.go:106.24,108.3 1 0
gonetwork/mock_payment.go:109.2,112.16 4 1
gonetwork/mock_payment.go:112.16,114.3 1 0
gonetwork/mock_payment.go:115.2,118.21 4 1
gonetwork/mock_payment.go:122.111,123.25 1 1
gonetwork/mock_payment.go:123.25,125.3 1 0
gonetwork/mock_payment.go:126.2,129.16 4 1
gonetwork/mock_payment.go:129.16,131.3 1 0
gonetwork/mock_payment.go:132.2,135.21 4 1
gonetwork/mock_payment.go:140.85,141.65 1 1
gonetwork/mock_payment.go:141.65,143.3 1 1
gonetwork/mock_payment.go:144.2,147.16 4 1
gonetwork/mock_payment.go:147.16,149.3 1 0
gonetwork/mock_payment.go:150.2,152.41 3 1
gonetwork/mock_payment.go:157.88,158.67 1 1
gonetwork/mock_payment.go:158.67,160.3 1 1
gonetwork/mock_payment.go:161.2,164.16 4 1
gonetwork/mock_payment.go:164.16,166.3 1 0
gonetwork/mock_payment.go:167.2,169.41 3 1
gonetwork/orderbook.go:98.19,99.22 1 1
gonetwork/orderbook.go:99.22,101.3 1 1
gonetwork/orderbook.go:102.2,102.19 1 1
gonetwork/orderbook.go:102.19,104.3 1 0
gonetwork/orderbook.go:105.2,105.16 1 1
gonetwork/orderbook.go:105.16,107.3 1 1
gonetwork/orderbook.go:108.2,108.19 1 1
gonetwork/orderbook.go:108.19,110.3 1 1
gonetwork/orderbook.go:112.2,134.16 7 1
gonetwork/orderbook.go:134.16,136.3 1 0
gonetwork/orderbook.go:137.2,140.15 3 1
gonetwork/orderbook.go:144.37,146.2 1 1
gonetwork/orderbook.go:150.34,152.2 1 1
gonetwork/orderbook.go:156.63,157.50 1 1
gonetwork/orderbook.go:157.50,159.3 1 0
gonetwork/orderbook.go:160.2,163.16 4 1
gonetwork/orderbook.go:163.16,165.3 1 0
gonetwork/orderbook.go:166.2,168.42 3 1
gonetwork/orderbook.go:176.46,182.2 1 1
gonetwork/orderbook.go:188.76,189.18 1 1
gonetwork/orderbook.go:189.18,191.3 1 0
gonetwork/orderbook.go:192.2,192.25 1 1
gonetwork/orderbook.go:192.25,194.3 1 0
gonetwork/orderbook.go:195.2,195.42 1 1
gonetwork/orderbook.go:195.42,197.3 1 1
gonetwork/orderbook.go:198.2,198.23 1 1
gonetwork/orderbook.go:198.23,200.3 1 0
gonetwork/orderbook.go:202.2,202.20 1 1
gonetwork/orderbook.go:203.20,205.43 2 1
gonetwork/orderbook.go:205.43,206.44 1 1
gonetwork/orderbook.go:206.44,208.5 1 1
gonetwork/orderbook.go:209.4,209.52 1 1
gonetwork/orderbook.go:211.20,213.43 2 1
gonetwork/orderbook.go:213.43,214.44 1 1
gonetwork/orderbook.go:214.44,216.5 1 1
gonetwork/orderbook.go:217.4,217.52 1 1
gonetwork/orderbook.go:219.10,220.58 1 0
gonetwork/orderbook.go:223.2,223.12 1 1
gonetwork/orderbook.go:228.77,229.28 1 1
gonetwork/orderbook.go:229.28,230.22 1 1
gonetwork/orderbook.go:230.22,231.34 1 1
gonetwork/orderbook.go:231.34,233.5 1 1
gonetwork/orderbook.go:234.4,236.14 3 1
gonetwork/orderbook.go:239.2,239.28 1 1
gonetwork/orderbook.go:239.28,240.22 1 1
gonetwork/orderbook.go:240.22,241.34 1 1
gonetwork/orderbook.go:241.34,243.5 1 0
gonetwork/orderbook.go:244.4,246.14 3 1
gonetwork/orderbook.go:249.2,249.51 1 1
gonetwork/orderbook.go:254.37,258.28 3 1
gonetwork/orderbook.go:258.28,259.43 1 1
gonetwork/orderbook.go:259.43,261.4 1 1
gonetwork/orderbook.go:261.9,263.4 1 1
gonetwork/orderbook.go:265.2,268.28 3 1
gonetwork/orderbook.go:268.28,269.43 1 1
gonetwork/orderbook.go:269.43,271.4 1 0
gonetwork/orderbook.go:271.9,273.4 1 1
gonetwork/orderbook.go:275.2,275.22 1 1
gonetwork/orderbook.go:295.105,301.43 4 1
gonetwork/orderbook.go:301.43,305.36 3 1
gonetwork/orderbook.go:305.36,306.9 1 1
gonetwork/orderbook.go:310.3,311.32 2 1
gonetwork/orderbook.go:311.32,313.4 1 1
gonetwork/orderbook.go:314.3,353.31 10 1
gonetwork/orderbook.go:353.31,356.4 2 1
gonetwork/orderbook.go:356.9,358.4 1 1
gonetwork/orderbook.go:360.3,360.31 1 1
gonetwork/orderbook.go:360.31,363.4 2 1
gonetwork/orderbook.go:363.9,365.4 1 0
gonetwork/orderbook.go:368.2,368.30 1 1
gonetwork/p2p.go:26.13,29.2 1 1
gonetwork/p2p.go:61.57,62.65 1 0
gonetwork/p2p.go:62.65,64.3 1 0
gonetwork/p2p.go:64.8,66.3 1 0
gonetwork/p2p.go:69.44,71.20 2 0
gonetwork/p2p.go:71.20,73.3 1 0
gonetwork/p2p.go:74.2,75.12 2 0
gonetwork/p2p.go:79.123,82.16 2 1
gonetwork/p2p.go:82.16,84.3 1 0
gonetwork/p2p.go:85.2,89.16 3 1
gonetwork/p2p.go:89.16,91.3 1 0
gonetwork/p2p.go:92.2,95.33 2 1
gonetwork/p2p.go:95.33,97.3 1 1
gonetwork/p2p.go:100.2,100.38 1 1
gonetwork/p2p.go:100.38,103.17 3 1
gonetwork/p2p.go:103.17,105.12 2 0
gonetwork/p2p.go:107.3,107.51 1 1
gonetwork/p2p.go:107.51,109.4 1 1
gonetwork/p2p.go:109.9,111.4 1 0
gonetwork/p2p.go:115.2,115.12 1 1
gonetwork/p2p.go:115.12,117.30 1 1
gonetwork/p2p.go:117.30,120.65 3 1
gonetwork/p2p.go:120.65,124.5 3 1
gonetwork/p2p.go:125.4,125.73 1 1
gonetwork/p2p.go:128.3,128.44 1 1
gonetwork/p2p.go:128.44,131.4 2 0
gonetwork/p2p.go:132.3,146.17 9 1
gonetwork/p2p.go:146.17,149.4 2 0
gonetwork/p2p.go:150.3,152.63 2 1
gonetwork/p2p.go:152.63,154.4 1 1
gonetwork/p2p.go:154.9,156.4 1 0
gonetwork/p2p.go:159.3,159.7 1 1
gonetwork/p2p.go:159.7,161.18 2 1
gonetwork/p2p.go:161.18,164.13 3 0
gonetwork/p2p.go:166.4,166.28 1 1
gonetwork/p2p.go:166.28,167.23 1 1
gonetwork/p2p.go:167.23,169.46 2 0
gonetwork/p2p.go:169.46,171.7 1 0
gonetwork/p2p.go:171.12,173.7 1 0
gonetwork/p2p.go:176.4,176.31 1 1
gonetwork/p2p.go:181.2,182.16 2 1
gonetwork/p2p.go:182.16,184.3 1 0
gonetwork/p2p.go:185.2,189.16 3 1
gonetwork/p2p.go:189.16,191.3 1 0
gonetwork/p2p.go:192.2,196.16 3 1
gonetwork/p2p.go:196.16,198.3 1 0
gonetwork/p2p.go:199.2,215.18 5 1
gonetwork/p2p.go:218.62,219.32 1 1
gonetwork/p2p.go:219.32,221.3 1 0
gonetwork/p2p.go:224.2,225.16 2 1
gonetwork/p2p.go:225.16,227.3 1 0
gonetwork/p2p.go:230.2,237.16 3 1
gonetwork/p2p.go:237.16,239.3 1 0
gonetwork/p2p.go:242.2,242.52 1 1
gonetwork/p2p.go:245.53,246.32 1 1
gonetwork/p2p.go:246.32,248.3 1 0
gonetwork/p2p.go:251.2,252.16 2 1
gonetwork/p2p.go:252.16,254.3 1 0
gonetwork/p2p.go:257.2,264.16 3 1
gonetwork/p2p.go:264.16,266.3 1 0
gonetwork/p2p.go:269.2,269.52 1 1
gonetwork/p2p.go:272.72,273.32 1 0
gonetwork/p2p.go:273.32,275.3 1 0
gonetwork/p2p.go:276.2,277.16 2 0
gonetwork/p2p.go:277.16,279.3 1 0
gonetwork/p2p.go:280.2,282.16 3 0
gonetwork/p2p.go:282.16,284.3 1 0
gonetwork/p2p.go:285.2,285.52 1 0
gonetwork/p2p.go:288.71,289.32 1 0
gonetwork/p2p.go:289.32,291.3 1 0
gonetwork/p2p.go:292.2,293.16 2 0
gonetwork/p2p.go:293.16,295.3 1 0
gonetwork/p2p.go:296.2,298.16 3 0
gonetwork/p2p.go:298.16,300.3 1 0
gonetwork/p2p.go:301.2,301.52 1 0
gonetwork/p2p.go:304.78,305.32 1 0
gonetwork/p2p.go:305.32,307.3 1 0
gonetwork/p2p.go:308.2,309.16 2 0
gonetwork/p2p.go:309.16,311.3 1 0
gonetwork/p2p.go:312.2,314.16 3 0
gonetwork/p2p.go:314.16,316.3 1 0
gonetwork/p2p.go:317.2,317.52 1 0
gonetwork/p2p.go:320.55,321.6 1 1
gonetwork/p2p.go:321.6,322.10 1 1
gonetwork/p2p.go:323.21,325.10 2 1
gonetwork/p2p.go:326.11,328.18 2 1
gonetwork/p2p.go:328.18,330.13 2 1
gonetwork/p2p.go:333.4,333.39 1 0
gonetwork/p2p.go:333.39,334.13 1 0
gonetwork/p2p.go:338.4,339.64 2 0
gonetwork/p2p.go:339.64,341.13 2 0
gonetwork/p2p.go:345.4,345.27 1 0
gonetwork/p2p.go:346.32,348.67 2 0
gonetwork/p2p.go:348.67,350.14 2 0
gonetwork/p2p.go:352.5,353.36 2 0
gonetwork/p2p.go:355.26,357.70 2 0
gonetwork/p2p.go:357.70,359.14 2 0
gonetwork/p2p.go:361.5,362.42 2 0
gonetwork/p2p.go:362.42,364.6 1 0
gonetwork/p2p.go:366.24,367.51 1 0
gonetwork/p2p.go:369.25,376.31 4 0
gonetwork/p2p.go:378.37,380.67 2 0
gonetwork/p2p.go:380.67,382.14 2 0
gonetwork/p2p.go:384.5,384.109 1 0
gonetwork/p2p.go:384.109,386.6 1 0
gonetwork/p2p.go:386.11,388.6 1 0
gonetwork/p2p.go:390.31,392.67 2 0
gonetwork/p2p.go:392.67,394.14 2 0
gonetwork/p2p.go:397.5,397.33 1 0
gonetwork/p2p.go:397.33,399.6 1 0
gonetwork/p2p.go:401.40,403.67 2 0
gonetwork/p2p.go:403.67,405.14 2 0
gonetwork/p2p.go:407.5,407.59 1 0
gonetwork/p2p.go:407.59,409.6 1 0
gonetwork/p2p.go:411.12,412.60 1 0
gonetwork/p2p.go:418.68,423.66 3 0
gonetwork/p2p.go:423.66,425.3 1 0
gonetwork/p2p.go:425.8,429.17 3 0
gonetwork/p2p.go:429.17,431.4 1 0
gonetwork/p2p.go:434.3,435.31 2 0
gonetwork/p2p.go:435.31,437.4 1 0
gonetwork/p2p.go:441.2,441.71 1 0
gonetwork/p2p.go:441.71,443.3 1 0
gonetwork/p2p.go:446.2,447.16 2 0
gonetwork/p2p.go:447.16,449.3 1 0
gonetwork/p2p.go:450.2,454.16 3 0
gonetwork/p2p.go:454.16,456.3 1 0
gonetwork/p2p.go:458.2,459.12 2 0
gonetwork/p2p.go:462.49,469.16 3 0
gonetwork/p2p.go:469.16,471.3 1 0
gonetwork/p2p.go:473.2,473.52 1 0
gonetwork/p2p.go:476.48,483.16 3 0
gonetwork/p2p.go:483.16,485.3 1 0
gonetwork/p2p.go:487.2,487.52 1 0
gonetwork/p2p.go:490.55,495.16 4 0
gonetwork/p2p.go:495.16,498.3 2 0
gonetwork/p2p.go:500.2,500.68 1 0
gonetwork/p2p.go:503.55,504.14 1 1
gonetwork/p2p.go:504.14,507.3 2 0
gonetwork/p2p.go:509.2,512.18 2 1
gonetwork/p2p.go:512.18,515.3 2 1
gonetwork/p2p.go:518.2,518.20 1 1
gonetwork/p2p.go:518.20,520.41 2 1
gonetwork/p2p.go:520.41,522.4 1 0
gonetwork/p2p.go:526.2,526.19 1 1
gonetwork/p2p.go:526.19,528.40 2 1
gonetwork/p2p.go:528.40,530.4 1 0
gonetwork/p2p.go:533.2,534.12 2 1
gonetwork/p2p_mock.go:12.90,15.2 2 1
gonetwork/p2p_mock.go:24.66,28.2 3 1
gonetwork/p2p_mock.go:30.57,34.2 3 1
gonetwork/p2p_mock.go:36.50,38.2 1 0
gonetwork/p2p_mock.go:40.43,42.2 1 0
gonetwork/p2p_mock.go:44.35,46.2 1 1
gonetwork/p2p_mock.go:48.131,62.2 4 1
gonetwork/p2p_mock.go:64.72,67.2 2 1
gonetwork/p2p_mock.go:69.59,72.2 1 1
gonetwork/p2p_mock.go:74.53,77.2 2 1
gonetwork/p2p_mock.go:79.59,85.2 4 1
gonetwork/wallets.go:24.35,26.16 2 1
gonetwork/wallets.go:26.16,28.3 1 0
gonetwork/wallets.go:29.2,32.20 4 1
gonetwork/wallets.go:36.103,37.25 1 1
gonetwork/wallets.go:37.25,39.3 1 0
gonetwork/wallets.go:40.2,40.17 1 1
gonetwork/wallets.go:40.17,42.3 1 0
gonetwork/wallets.go:44.2,53.57 3 1
gonetwork/wallets.go:53.57,55.3 1 0
gonetwork/wallets.go:57.2,59.16 2 1
gonetwork/wallets.go:62.53,63.17 1 1
gonetwork/wallets.go:63.17,65.3 1 0
gonetwork/wallets.go:66.2,66.24 1 1
gonetwork/wallets.go:66.24,68.3 1 1
gonetwork/wallets.go:71.2,79.13 5 1
gonetwork/wallets.go:79.13,85.3 2 1
gonetwork/wallets.go:86.2,89.12 3 1
gonetwork/wallets.go:91.55,92.17 1 1
gonetwork/wallets.go:92.17,94.3 1 0
gonetwork/wallets.go:97.2,101.46 4 1
gonetwork/wallets.go:101.46,103.3 1 1
gonetwork/wallets.go:106.2,112.31 3 1
gonetwork/wallets.go:112.31,114.3 1 1
gonetwork/wallets.go:115.2,117.12 2 1
gonetwork/wallets.go:119.52,121.2 1 1
